This file contains any messages produced by compilers while
running configure, to aid debugging if configure makes a mistake.

It was created by GStreamer Editing Services configure 1.13.0.1, which was
generated by GNU Autoconf 2.69.  Invocation command line was

  $ ../gst-editing-services/configure --enable-maintainer-mode --enable-gtk-doc

## --------- ##
## Platform. ##
## --------- ##

hostname = suhas2go-HP-Pavilion-15-Notebook-PC
uname -m = x86_64
uname -r = 4.13.0-32-generic
uname -s = Linux
uname -v = #35-Ubuntu SMP Thu Jan 25 09:13:46 UTC 2018

/usr/bin/uname -p = unknown
/bin/uname -X     = unknown

/bin/arch              = unknown
/usr/bin/arch -k       = unknown
/usr/convex/getsysinfo = unknown
/usr/bin/hostinfo      = unknown
/bin/machine           = unknown
/usr/bin/oslevel       = unknown
/bin/universe          = unknown

PATH: /home/suhas2go/Documents/Projs/pitivi_dev/pitivi/build/flatpak/pyvenv/bin
PATH: /home/suhas2go/Documents/Projs/pitivi_dev/bin/
PATH: /usr/local/sbin
PATH: /usr/local/bin
PATH: /usr/sbin
PATH: /usr/bin
PATH: /sbin
PATH: /bin
PATH: /usr/games
PATH: /usr/local/games
PATH: /snap/bin


## ----------- ##
## Core tests. ##
## ----------- ##

configure:2710: checking build system type
configure:2724: result: x86_64-pc-linux-gnu
configure:2744: checking host system type
configure:2757: result: x86_64-pc-linux-gnu
configure:2777: checking target system type
configure:2790: result: x86_64-pc-linux-gnu
configure:2836: checking for a BSD-compatible install
configure:2904: result: /usr/bin/install -c
configure:2915: checking whether build environment is sane
configure:2970: result: yes
configure:3121: checking for a thread-safe mkdir -p
configure:3160: result: /bin/mkdir -p
configure:3167: checking for gawk
configure:3197: result: no
configure:3167: checking for mawk
configure:3183: found /usr/bin/mawk
configure:3194: result: mawk
configure:3205: checking whether make sets $(MAKE)
configure:3227: result: yes
configure:3256: checking whether make supports nested variables
configure:3273: result: yes
configure:3362: checking whether UID '1000' is supported by ustar format
configure:3365: result: yes
configure:3372: checking whether GID '1000' is supported by ustar format
configure:3375: result: yes
configure:3383: checking how to create a ustar tar archive
configure:3394: tar --version
tar (GNU tar) 1.29
Copyright (C) 2015 Free Software Foundation, Inc.
License GPLv3+: GNU GPL version 3 or later <http://gnu.org/licenses/gpl.html>.
This is free software: you are free to change and redistribute it.
There is NO WARRANTY, to the extent permitted by law.

Written by John Gilmore and Jay Fenlason.
configure:3397: $? = 0
configure:3437: tardir=conftest.dir && eval tar --format=ustar -chf - "$tardir" >conftest.tar
configure:3440: $? = 0
configure:3444: tar -xf - <conftest.tar
configure:3447: $? = 0
configure:3449: cat conftest.dir/file
GrepMe
configure:3452: $? = 0
configure:3465: result: gnutar
configure:3527: checking nano version
configure:3539: result: 1
configure:3559: checking whether to enable maintainer-specific portions of Makefiles
configure:3568: result: yes
configure:3595: checking whether make supports nested variables
configure:3612: result: yes
configure:3683: checking how to print strings
configure:3710: result: printf
configure:3743: checking for style of include used by make
configure:3771: result: GNU
configure:3842: checking for gcc
configure:3858: found /usr/bin/gcc
configure:3869: result: gcc
configure:4098: checking for C compiler version
configure:4107: gcc --version >&5
gcc (Ubuntu 7.2.0-8ubuntu3) 7.2.0
Copyright (C) 2017 Free Software Foundation, Inc.
This is free software; see the source for copying conditions.  There is NO
warranty; not even for MERCHANTABILITY or FITNESS FOR A PARTICULAR PURPOSE.

configure:4118: $? = 0
configure:4107: gcc -v >&5
Using built-in specs.
COLLECT_GCC=gcc
COLLECT_LTO_WRAPPER=/usr/lib/gcc/x86_64-linux-gnu/7/lto-wrapper
OFFLOAD_TARGET_NAMES=nvptx-none
OFFLOAD_TARGET_DEFAULT=1
Target: x86_64-linux-gnu
Configured with: ../src/configure -v --with-pkgversion='Ubuntu 7.2.0-8ubuntu3' --with-bugurl=file:///usr/share/doc/gcc-7/README.Bugs --enable-languages=c,ada,c++,go,brig,d,fortran,objc,obj-c++ --prefix=/usr --with-gcc-major-version-only --program-suffix=-7 --program-prefix=x86_64-linux-gnu- --enable-shared --enable-linker-build-id --libexecdir=/usr/lib --without-included-gettext --enable-threads=posix --libdir=/usr/lib --enable-nls --with-sysroot=/ --enable-clocale=gnu --enable-libstdcxx-debug --enable-libstdcxx-time=yes --with-default-libstdcxx-abi=new --enable-gnu-unique-object --disable-vtable-verify --enable-libmpx --enable-plugin --enable-default-pie --with-system-zlib --with-target-system-zlib --enable-objc-gc=auto --enable-multiarch --disable-werror --with-arch-32=i686 --with-abi=m64 --with-multilib-list=m32,m64,mx32 --enable-multilib --with-tune=generic --enable-offload-targets=nvptx-none --without-cuda-driver --enable-checking=release --build=x86_64-linux-gnu --host=x86_64-linux-gnu --target=x86_64-linux-gnu
Thread model: posix
gcc version 7.2.0 (Ubuntu 7.2.0-8ubuntu3)
configure:4118: $? = 0
configure:4107: gcc -V >&5
gcc: error: unrecognized command line option '-V'
gcc: fatal error: no input files
compilation terminated.
configure:4118: $? = 1
configure:4107: gcc -qversion >&5
gcc: error: unrecognized command line option '-qversion'; did you mean '--version'?
gcc: fatal error: no input files
compilation terminated.
configure:4118: $? = 1
configure:4138: checking whether the C compiler works
configure:4160: gcc    conftest.c  >&5
configure:4164: $? = 0
configure:4212: result: yes
configure:4215: checking for C compiler default output file name
configure:4217: result: a.out
configure:4223: checking for suffix of executables
configure:4230: gcc -o conftest    conftest.c  >&5
configure:4234: $? = 0
configure:4256: result:
configure:4278: checking whether we are cross compiling
configure:4286: gcc -o conftest    conftest.c  >&5
configure:4290: $? = 0
configure:4297: ./conftest
configure:4301: $? = 0
configure:4316: result: no
configure:4321: checking for suffix of object files
configure:4343: gcc -c   conftest.c >&5
configure:4347: $? = 0
configure:4368: result: o
configure:4372: checking whether we are using the GNU C compiler
configure:4391: gcc -c   conftest.c >&5
configure:4391: $? = 0
configure:4400: result: yes
configure:4409: checking whether gcc accepts -g
configure:4429: gcc -c -g  conftest.c >&5
configure:4429: $? = 0
configure:4470: result: yes
configure:4487: checking for gcc option to accept ISO C89
configure:4550: gcc  -c -g -O2  conftest.c >&5
configure:4550: $? = 0
configure:4563: result: none needed
configure:4588: checking whether gcc understands -c and -o together
configure:4610: gcc -c conftest.c -o conftest2.o
configure:4613: $? = 0
configure:4610: gcc -c conftest.c -o conftest2.o
configure:4613: $? = 0
configure:4625: result: yes
configure:4644: checking dependency style of gcc
configure:4755: result: gcc3
configure:4770: checking for a sed that does not truncate output
configure:4834: result: /bin/sed
configure:4852: checking for grep that handles long lines and -e
configure:4910: result: /bin/grep
configure:4915: checking for egrep
configure:4977: result: /bin/grep -E
configure:4982: checking for fgrep
configure:5044: result: /bin/grep -F
configure:5079: checking for ld used by gcc
configure:5146: result: /usr/bin/ld
configure:5153: checking if the linker (/usr/bin/ld) is GNU ld
configure:5168: result: yes
configure:5180: checking for BSD- or MS-compatible name lister (nm)
configure:5234: result: /usr/bin/nm -B
configure:5364: checking the name lister (/usr/bin/nm -B) interface
configure:5371: gcc -c -g -O2  conftest.c >&5
configure:5374: /usr/bin/nm -B "conftest.o"
configure:5377: output
0000000000000000 B some_variable
configure:5384: result: BSD nm
configure:5387: checking whether ln -s works
configure:5391: result: yes
configure:5399: checking the maximum length of command line arguments
configure:5530: result: 1572864
configure:5578: checking how to convert x86_64-pc-linux-gnu file names to x86_64-pc-linux-gnu format
configure:5618: result: func_convert_file_noop
configure:5625: checking how to convert x86_64-pc-linux-gnu file names to toolchain format
configure:5645: result: func_convert_file_noop
configure:5652: checking for /usr/bin/ld option to reload object files
configure:5659: result: -r
configure:5733: checking for objdump
configure:5749: found /usr/bin/objdump
configure:5760: result: objdump
configure:5789: checking how to recognize dependent libraries
configure:5989: result: pass_all
configure:6074: checking for dlltool
configure:6104: result: no
configure:6131: checking how to associate runtime and link libraries
configure:6158: result: printf %s\n
configure:6219: checking for ar
configure:6235: found /usr/bin/ar
configure:6246: result: ar
configure:6283: checking for archiver @FILE support
configure:6300: gcc -c -g -O2  conftest.c >&5
configure:6300: $? = 0
configure:6303: ar cru libconftest.a @conftest.lst >&5
ar: `u' modifier ignored since `D' is the default (see `U')
configure:6306: $? = 0
configure:6311: ar cru libconftest.a @conftest.lst >&5
ar: `u' modifier ignored since `D' is the default (see `U')
ar: conftest.o: No such file or directory
configure:6314: $? = 1
configure:6326: result: @
configure:6384: checking for strip
configure:6400: found /usr/bin/strip
configure:6411: result: strip
configure:6483: checking for ranlib
configure:6499: found /usr/bin/ranlib
configure:6510: result: ranlib
configure:6612: checking command to parse /usr/bin/nm -B output from gcc object
configure:6765: gcc -c -g -O2  conftest.c >&5
configure:6768: $? = 0
configure:6772: /usr/bin/nm -B conftest.o \| sed -n -e 's/^.*[ ]\([ABCDGIRSTW][ABCDGIRSTW]*\)[ ][ ]*\([_A-Za-z][_A-Za-z0-9]*\)$/\1 \2 \2/p' | sed '/ __gnu_lto/d' \> conftest.nm
configure:6775: $? = 0
configure:6841: gcc -o conftest -g -O2   conftest.c conftstm.o >&5
configure:6844: $? = 0
configure:6882: result: ok
configure:6929: checking for sysroot
configure:6959: result: no
configure:6966: checking for a working dd
configure:7004: result: /bin/dd
configure:7008: checking how to truncate binary pipes
configure:7023: result: /bin/dd bs=4096 count=1
configure:7159: gcc -c -g -O2  conftest.c >&5
configure:7162: $? = 0
configure:7352: checking for mt
configure:7368: found /bin/mt
configure:7379: result: mt
configure:7402: checking if mt is a manifest tool
configure:7408: mt '-?'
configure:7416: result: no
configure:8093: checking how to run the C preprocessor
configure:8124: gcc -E  conftest.c
configure:8124: $? = 0
configure:8138: gcc -E  conftest.c
conftest.c:11:10: fatal error: ac_nonexistent.h: No such file or directory
 #include <ac_nonexistent.h>
          ^~~~~~~~~~~~~~~~~~
compilation terminated.
configure:8138: $? = 1
configure: failed program was:
| /* confdefs.h */
| #define PACKAGE_NAME "GStreamer Editing Services"
| #define PACKAGE_TARNAME "gstreamer-editing-services"
| #define PACKAGE_VERSION "1.13.0.1"
| #define PACKAGE_STRING "GStreamer Editing Services 1.13.0.1"
| #define PACKAGE_BUGREPORT "http://bugzilla.gnome.org/enter_bug.cgi?product=GStreamer"
| #define PACKAGE_URL ""
| #define PACKAGE "gstreamer-editing-services"
| #define VERSION "1.13.0.1"
| /* end confdefs.h.  */
| #include <ac_nonexistent.h>
configure:8163: result: gcc -E
configure:8183: gcc -E  conftest.c
configure:8183: $? = 0
configure:8197: gcc -E  conftest.c
conftest.c:11:10: fatal error: ac_nonexistent.h: No such file or directory
 #include <ac_nonexistent.h>
          ^~~~~~~~~~~~~~~~~~
compilation terminated.
configure:8197: $? = 1
configure: failed program was:
| /* confdefs.h */
| #define PACKAGE_NAME "GStreamer Editing Services"
| #define PACKAGE_TARNAME "gstreamer-editing-services"
| #define PACKAGE_VERSION "1.13.0.1"
| #define PACKAGE_STRING "GStreamer Editing Services 1.13.0.1"
| #define PACKAGE_BUGREPORT "http://bugzilla.gnome.org/enter_bug.cgi?product=GStreamer"
| #define PACKAGE_URL ""
| #define PACKAGE "gstreamer-editing-services"
| #define VERSION "1.13.0.1"
| /* end confdefs.h.  */
| #include <ac_nonexistent.h>
configure:8226: checking for ANSI C header files
configure:8246: gcc -c -g -O2  conftest.c >&5
configure:8246: $? = 0
configure:8319: gcc -o conftest -g -O2   conftest.c  >&5
configure:8319: $? = 0
configure:8319: ./conftest
configure:8319: $? = 0
configure:8330: result: yes
configure:8343: checking for sys/types.h
configure:8343: gcc -c -g -O2  conftest.c >&5
configure:8343: $? = 0
configure:8343: result: yes
configure:8343: checking for sys/stat.h
configure:8343: gcc -c -g -O2  conftest.c >&5
configure:8343: $? = 0
configure:8343: result: yes
configure:8343: checking for stdlib.h
configure:8343: gcc -c -g -O2  conftest.c >&5
configure:8343: $? = 0
configure:8343: result: yes
configure:8343: checking for string.h
configure:8343: gcc -c -g -O2  conftest.c >&5
configure:8343: $? = 0
configure:8343: result: yes
configure:8343: checking for memory.h
configure:8343: gcc -c -g -O2  conftest.c >&5
configure:8343: $? = 0
configure:8343: result: yes
configure:8343: checking for strings.h
configure:8343: gcc -c -g -O2  conftest.c >&5
configure:8343: $? = 0
configure:8343: result: yes
configure:8343: checking for inttypes.h
configure:8343: gcc -c -g -O2  conftest.c >&5
configure:8343: $? = 0
configure:8343: result: yes
configure:8343: checking for stdint.h
configure:8343: gcc -c -g -O2  conftest.c >&5
configure:8343: $? = 0
configure:8343: result: yes
configure:8343: checking for unistd.h
configure:8343: gcc -c -g -O2  conftest.c >&5
configure:8343: $? = 0
configure:8343: result: yes
configure:8357: checking for dlfcn.h
configure:8357: gcc -c -g -O2  conftest.c >&5
configure:8357: $? = 0
configure:8357: result: yes
configure:8927: checking for objdir
configure:8942: result: .libs
configure:9206: checking if gcc supports -fno-rtti -fno-exceptions
configure:9224: gcc -c -g -O2  -fno-rtti -fno-exceptions conftest.c >&5
cc1: warning: command line option '-fno-rtti' is valid for C++/ObjC++ but not for C
configure:9228: $? = 0
configure:9241: result: no
configure:9599: checking for gcc option to produce PIC
configure:9606: result: -fPIC -DPIC
configure:9614: checking if gcc PIC flag -fPIC -DPIC works
configure:9632: gcc -c -g -O2  -fPIC -DPIC -DPIC conftest.c >&5
configure:9636: $? = 0
configure:9649: result: yes
configure:9678: checking if gcc static flag -static works
configure:9706: result: yes
configure:9721: checking if gcc supports -c -o file.o
configure:9742: gcc -c -g -O2  -o out/conftest2.o conftest.c >&5
configure:9746: $? = 0
configure:9768: result: yes
configure:9776: checking if gcc supports -c -o file.o
configure:9823: result: yes
configure:9856: checking whether the gcc linker (/usr/bin/ld -m elf_x86_64) supports shared libraries
configure:11119: result: yes
configure:11156: checking whether -lc should be explicitly linked in
configure:11164: gcc -c -g -O2  conftest.c >&5
configure:11167: $? = 0
configure:11182: gcc -shared  -fPIC -DPIC conftest.o  -v -Wl,-soname -Wl,conftest -o conftest 2\>\&1 \| /bin/grep  -lc  \>/dev/null 2\>\&1
configure:11185: $? = 0
configure:11199: result: no
configure:11359: checking dynamic linker characteristics
configure:11940: gcc -o conftest -g -O2   -Wl,-rpath -Wl,/foo conftest.c  >&5
configure:11940: $? = 0
configure:12189: result: GNU/Linux ld.so
configure:12311: checking how to hardcode library paths into programs
configure:12336: result: immediate
configure:12438: checking for shl_load
configure:12438: gcc -o conftest -g -O2   conftest.c  >&5
/tmp/cc3CQxa7.o: In function `main':
/home/suhas2go/Documents/Projs/pitivi_dev/pitivi/conftest.c:57: undefined reference to `shl_load'
collect2: error: ld returned 1 exit status
configure:12438: $? = 1
configure: failed program was:
| /* confdefs.h */
| #define PACKAGE_NAME "GStreamer Editing Services"
| #define PACKAGE_TARNAME "gstreamer-editing-services"
| #define PACKAGE_VERSION "1.13.0.1"
| #define PACKAGE_STRING "GStreamer Editing Services 1.13.0.1"
| #define PACKAGE_BUGREPORT "http://bugzilla.gnome.org/enter_bug.cgi?product=GStreamer"
| #define PACKAGE_URL ""
| #define PACKAGE "gstreamer-editing-services"
| #define VERSION "1.13.0.1"
| #define STDC_HEADERS 1
| #define HAVE_SYS_TYPES_H 1
| #define HAVE_SYS_STAT_H 1
| #define HAVE_STDLIB_H 1
| #define HAVE_STRING_H 1
| #define HAVE_MEMORY_H 1
| #define HAVE_STRINGS_H 1
| #define HAVE_INTTYPES_H 1
| #define HAVE_STDINT_H 1
| #define HAVE_UNISTD_H 1
| #define HAVE_DLFCN_H 1
| #define LT_OBJDIR ".libs/"
| /* end confdefs.h.  */
| /* Define shl_load to an innocuous variant, in case <limits.h> declares shl_load.
|    For example, HP-UX 11i <limits.h> declares gettimeofday.  */
| #define shl_load innocuous_shl_load
|
| /* System header to define __stub macros and hopefully few prototypes,
|     which can conflict with char shl_load (); below.
|     Prefer <limits.h> to <assert.h> if __STDC__ is defined, since
|     <limits.h> exists even on freestanding compilers.  */
|
| #ifdef __STDC__
| # include <limits.h>
| #else
| # include <assert.h>
| #endif
|
| #undef shl_load
|
| /* Override any GCC internal prototype to avoid an error.
|    Use char because int might match the return type of a GCC
|    builtin and then its argument prototype would still apply.  */
| #ifdef __cplusplus
| extern "C"
| #endif
| char shl_load ();
| /* The GNU C library defines this for functions which it implements
|     to always fail with ENOSYS.  Some functions are actually named
|     something starting with __ and the normal name is an alias.  */
| #if defined __stub_shl_load || defined __stub___shl_load
| choke me
| #endif
|
| int
| main ()
| {
| return shl_load ();
|   ;
|   return 0;
| }
configure:12438: result: no
configure:12442: checking for shl_load in -ldld
configure:12467: gcc -o conftest -g -O2   conftest.c -ldld   >&5
/usr/bin/ld: cannot find -ldld
collect2: error: ld returned 1 exit status
configure:12467: $? = 1
configure: failed program was:
| /* confdefs.h */
| #define PACKAGE_NAME "GStreamer Editing Services"
| #define PACKAGE_TARNAME "gstreamer-editing-services"
| #define PACKAGE_VERSION "1.13.0.1"
| #define PACKAGE_STRING "GStreamer Editing Services 1.13.0.1"
| #define PACKAGE_BUGREPORT "http://bugzilla.gnome.org/enter_bug.cgi?product=GStreamer"
| #define PACKAGE_URL ""
| #define PACKAGE "gstreamer-editing-services"
| #define VERSION "1.13.0.1"
| #define STDC_HEADERS 1
| #define HAVE_SYS_TYPES_H 1
| #define HAVE_SYS_STAT_H 1
| #define HAVE_STDLIB_H 1
| #define HAVE_STRING_H 1
| #define HAVE_MEMORY_H 1
| #define HAVE_STRINGS_H 1
| #define HAVE_INTTYPES_H 1
| #define HAVE_STDINT_H 1
| #define HAVE_UNISTD_H 1
| #define HAVE_DLFCN_H 1
| #define LT_OBJDIR ".libs/"
| /* end confdefs.h.  */
|
| /* Override any GCC internal prototype to avoid an error.
|    Use char because int might match the return type of a GCC
|    builtin and then its argument prototype would still apply.  */
| #ifdef __cplusplus
| extern "C"
| #endif
| char shl_load ();
| int
| main ()
| {
| return shl_load ();
|   ;
|   return 0;
| }
configure:12476: result: no
configure:12481: checking for dlopen
configure:12481: gcc -o conftest -g -O2   conftest.c  >&5
/tmp/cc39nqoc.o: In function `main':
/home/suhas2go/Documents/Projs/pitivi_dev/pitivi/conftest.c:57: undefined reference to `dlopen'
collect2: error: ld returned 1 exit status
configure:12481: $? = 1
configure: failed program was:
| /* confdefs.h */
| #define PACKAGE_NAME "GStreamer Editing Services"
| #define PACKAGE_TARNAME "gstreamer-editing-services"
| #define PACKAGE_VERSION "1.13.0.1"
| #define PACKAGE_STRING "GStreamer Editing Services 1.13.0.1"
| #define PACKAGE_BUGREPORT "http://bugzilla.gnome.org/enter_bug.cgi?product=GStreamer"
| #define PACKAGE_URL ""
| #define PACKAGE "gstreamer-editing-services"
| #define VERSION "1.13.0.1"
| #define STDC_HEADERS 1
| #define HAVE_SYS_TYPES_H 1
| #define HAVE_SYS_STAT_H 1
| #define HAVE_STDLIB_H 1
| #define HAVE_STRING_H 1
| #define HAVE_MEMORY_H 1
| #define HAVE_STRINGS_H 1
| #define HAVE_INTTYPES_H 1
| #define HAVE_STDINT_H 1
| #define HAVE_UNISTD_H 1
| #define HAVE_DLFCN_H 1
| #define LT_OBJDIR ".libs/"
| /* end confdefs.h.  */
| /* Define dlopen to an innocuous variant, in case <limits.h> declares dlopen.
|    For example, HP-UX 11i <limits.h> declares gettimeofday.  */
| #define dlopen innocuous_dlopen
|
| /* System header to define __stub macros and hopefully few prototypes,
|     which can conflict with char dlopen (); below.
|     Prefer <limits.h> to <assert.h> if __STDC__ is defined, since
|     <limits.h> exists even on freestanding compilers.  */
|
| #ifdef __STDC__
| # include <limits.h>
| #else
| # include <assert.h>
| #endif
|
| #undef dlopen
|
| /* Override any GCC internal prototype to avoid an error.
|    Use char because int might match the return type of a GCC
|    builtin and then its argument prototype would still apply.  */
| #ifdef __cplusplus
| extern "C"
| #endif
| char dlopen ();
| /* The GNU C library defines this for functions which it implements
|     to always fail with ENOSYS.  Some functions are actually named
|     something starting with __ and the normal name is an alias.  */
| #if defined __stub_dlopen || defined __stub___dlopen
| choke me
| #endif
|
| int
| main ()
| {
| return dlopen ();
|   ;
|   return 0;
| }
configure:12481: result: no
configure:12485: checking for dlopen in -ldl
configure:12510: gcc -o conftest -g -O2   conftest.c -ldl   >&5
configure:12510: $? = 0
configure:12519: result: yes
configure:12638: checking whether a program can dlopen itself
configure:12718: gcc -o conftest -g -O2  -DHAVE_DLFCN_H  -Wl,--export-dynamic conftest.c -ldl  >&5
configure:12721: $? = 0
configure:12739: result: yes
configure:12744: checking whether a statically linked program can dlopen itself
configure:12824: gcc -o conftest -g -O2  -DHAVE_DLFCN_H  -Wl,--export-dynamic -static conftest.c -ldl  >&5
/tmp/ccHv2uwq.o: In function `main':
/home/suhas2go/Documents/Projs/pitivi_dev/pitivi/configure:12803: warning: Using 'dlopen' in statically linked applications requires at runtime the shared libraries from the glibc version used for linking
/usr/bin/ld: dynamic STT_GNU_IFUNC symbol `strcmp' with pointer equality in `/usr/lib/gcc/x86_64-linux-gnu/7/../../../x86_64-linux-gnu/libc.a(strcmp.o)' can not be used when making an executable; recompile with -fPIE and relink with -pie
collect2: error: ld returned 1 exit status
configure:12827: $? = 1
configure:12845: result: no
configure:12884: checking whether stripping libraries is possible
configure:12889: result: yes
configure:12924: checking if libtool supports shared libraries
configure:12926: result: yes
configure:12929: checking whether to build shared libraries
configure:12954: result: yes
configure:12957: checking whether to build static libraries
configure:12961: result: no
configure:13193: checking for pkg-config
configure:13211: found /usr/bin/pkg-config
configure:13223: result: /usr/bin/pkg-config
configure:13248: checking pkg-config is at least version 0.9.0
configure:13251: result: yes
configure:13277: checking for VALGRIND
configure:13285: $PKG_CONFIG --exists --print-errors "valgrind >= $VALGRIND_REQ"
Package valgrind was not found in the pkg-config search path.
Perhaps you should add the directory containing `valgrind.pc'
to the PKG_CONFIG_PATH environment variable
No package 'valgrind' found
configure:13288: $? = 1
configure:13303: $PKG_CONFIG --exists --print-errors "valgrind >= $VALGRIND_REQ"
Package valgrind was not found in the pkg-config search path.
Perhaps you should add the directory containing `valgrind.pc'
to the PKG_CONFIG_PATH environment variable
No package 'valgrind' found
configure:13306: $? = 1
No package 'valgrind' found
configure:13334: result: no
configure:13547: Using GStreamer Editing Services git as package name
configure:13571: Using Unknown package origin as package origin
configure:13587: Using GST_PKG_CONFIG_PATH = $(top_builddir)/pkgconfig
configure:13594: checking for flex
configure:13612: found /usr/bin/flex
configure:13625: result: /usr/bin/flex
configure:13639: checking flex version flex 2.6.1 >= 2.5.31
configure:13653: result: yes
configure:13788: checking whether byte ordering is bigendian
configure:13803: gcc -c -g -O2  conftest.c >&5
conftest.c:28:9: error: unknown type name 'not'
         not a universal capable compiler
         ^~~
conftest.c:28:15: error: expected '=', ',', ';', 'asm' or '__attribute__' before 'universal'
         not a universal capable compiler
               ^~~~~~~~~
conftest.c:28:15: error: unknown type name 'universal'
configure:13803: $? = 1
configure: failed program was:
| /* confdefs.h */
| #define PACKAGE_NAME "GStreamer Editing Services"
| #define PACKAGE_TARNAME "gstreamer-editing-services"
| #define PACKAGE_VERSION "1.13.0.1"
| #define PACKAGE_STRING "GStreamer Editing Services 1.13.0.1"
| #define PACKAGE_BUGREPORT "http://bugzilla.gnome.org/enter_bug.cgi?product=GStreamer"
| #define PACKAGE_URL ""
| #define PACKAGE "gstreamer-editing-services"
| #define VERSION "1.13.0.1"
| #define STDC_HEADERS 1
| #define HAVE_SYS_TYPES_H 1
| #define HAVE_SYS_STAT_H 1
| #define HAVE_STDLIB_H 1
| #define HAVE_STRING_H 1
| #define HAVE_MEMORY_H 1
| #define HAVE_STRINGS_H 1
| #define HAVE_INTTYPES_H 1
| #define HAVE_STDINT_H 1
| #define HAVE_UNISTD_H 1
| #define HAVE_DLFCN_H 1
| #define LT_OBJDIR ".libs/"
| #define GST_ENABLE_EXTRA_CHECKS 1
| #define GST_PACKAGE_NAME "GStreamer Editing Services git"
| #define GST_PACKAGE_ORIGIN "Unknown package origin"
| #define HAVE_CPU_X86_64 1
| /* end confdefs.h.  */
| #ifndef __APPLE_CC__
| 	       not a universal capable compiler
| 	     #endif
| 	     typedef int dummy;
|
configure:13848: gcc -c -g -O2  conftest.c >&5
configure:13848: $? = 0
configure:13866: gcc -c -g -O2  conftest.c >&5
conftest.c: In function 'main':
conftest.c:34:4: error: unknown type name 'not'; did you mean 'ino_t'?
    not big endian
    ^~~
    ino_t
conftest.c:34:12: error: expected '=', ',', ';', 'asm' or '__attribute__' before 'endian'
    not big endian
            ^~~~~~
configure:13866: $? = 1
configure: failed program was:
| /* confdefs.h */
| #define PACKAGE_NAME "GStreamer Editing Services"
| #define PACKAGE_TARNAME "gstreamer-editing-services"
| #define PACKAGE_VERSION "1.13.0.1"
| #define PACKAGE_STRING "GStreamer Editing Services 1.13.0.1"
| #define PACKAGE_BUGREPORT "http://bugzilla.gnome.org/enter_bug.cgi?product=GStreamer"
| #define PACKAGE_URL ""
| #define PACKAGE "gstreamer-editing-services"
| #define VERSION "1.13.0.1"
| #define STDC_HEADERS 1
| #define HAVE_SYS_TYPES_H 1
| #define HAVE_SYS_STAT_H 1
| #define HAVE_STDLIB_H 1
| #define HAVE_STRING_H 1
| #define HAVE_MEMORY_H 1
| #define HAVE_STRINGS_H 1
| #define HAVE_INTTYPES_H 1
| #define HAVE_STDINT_H 1
| #define HAVE_UNISTD_H 1
| #define HAVE_DLFCN_H 1
| #define LT_OBJDIR ".libs/"
| #define GST_ENABLE_EXTRA_CHECKS 1
| #define GST_PACKAGE_NAME "GStreamer Editing Services git"
| #define GST_PACKAGE_ORIGIN "Unknown package origin"
| #define HAVE_CPU_X86_64 1
| /* end confdefs.h.  */
| #include <sys/types.h>
| 		#include <sys/param.h>
|
| int
| main ()
| {
| #if BYTE_ORDER != BIG_ENDIAN
| 		 not big endian
| 		#endif
|
|   ;
|   return 0;
| }
configure:13994: result: no
configure:14146: checking whether byte ordering is bigendian
configure:14352: result: no
configure:14420: checking for gcc
configure:14447: result: gcc
configure:14676: checking for C compiler version
configure:14685: gcc --version >&5
gcc (Ubuntu 7.2.0-8ubuntu3) 7.2.0
Copyright (C) 2017 Free Software Foundation, Inc.
This is free software; see the source for copying conditions.  There is NO
warranty; not even for MERCHANTABILITY or FITNESS FOR A PARTICULAR PURPOSE.

configure:14696: $? = 0
configure:14685: gcc -v >&5
Using built-in specs.
COLLECT_GCC=gcc
COLLECT_LTO_WRAPPER=/usr/lib/gcc/x86_64-linux-gnu/7/lto-wrapper
OFFLOAD_TARGET_NAMES=nvptx-none
OFFLOAD_TARGET_DEFAULT=1
Target: x86_64-linux-gnu
Configured with: ../src/configure -v --with-pkgversion='Ubuntu 7.2.0-8ubuntu3' --with-bugurl=file:///usr/share/doc/gcc-7/README.Bugs --enable-languages=c,ada,c++,go,brig,d,fortran,objc,obj-c++ --prefix=/usr --with-gcc-major-version-only --program-suffix=-7 --program-prefix=x86_64-linux-gnu- --enable-shared --enable-linker-build-id --libexecdir=/usr/lib --without-included-gettext --enable-threads=posix --libdir=/usr/lib --enable-nls --with-sysroot=/ --enable-clocale=gnu --enable-libstdcxx-debug --enable-libstdcxx-time=yes --with-default-libstdcxx-abi=new --enable-gnu-unique-object --disable-vtable-verify --enable-libmpx --enable-plugin --enable-default-pie --with-system-zlib --with-target-system-zlib --enable-objc-gc=auto --enable-multiarch --disable-werror --with-arch-32=i686 --with-abi=m64 --with-multilib-list=m32,m64,mx32 --enable-multilib --with-tune=generic --enable-offload-targets=nvptx-none --without-cuda-driver --enable-checking=release --build=x86_64-linux-gnu --host=x86_64-linux-gnu --target=x86_64-linux-gnu
Thread model: posix
gcc version 7.2.0 (Ubuntu 7.2.0-8ubuntu3)
configure:14696: $? = 0
configure:14685: gcc -V >&5
gcc: error: unrecognized command line option '-V'
gcc: fatal error: no input files
compilation terminated.
configure:14696: $? = 1
configure:14685: gcc -qversion >&5
gcc: error: unrecognized command line option '-qversion'; did you mean '--version'?
gcc: fatal error: no input files
compilation terminated.
configure:14696: $? = 1
configure:14700: checking whether we are using the GNU C compiler
configure:14728: result: yes
configure:14737: checking whether gcc accepts -g
configure:14798: result: yes
configure:14815: checking for gcc option to accept ISO C89
configure:14891: result: none needed
configure:14916: checking whether gcc understands -c and -o together
configure:14953: result: yes
configure:14972: checking dependency style of gcc
configure:15083: result: gcc3
configure:15103: checking for working do while(0) macros
configure:15124: gcc -c -g -O2  conftest.c >&5
configure:15124: $? = 0
configure:15132: result: yes
configure:15143: checking for valgrind
configure:15174: result: no
configure:15202: checking for gobject-introspection
configure:15233: $PKG_CONFIG --exists --print-errors "gobject-introspection-1.0 >= 0.9.6"
Package gobject-introspection-1.0 was not found in the pkg-config search path.
Perhaps you should add the directory containing `gobject-introspection-1.0.pc'
to the PKG_CONFIG_PATH environment variable
No package 'gobject-introspection-1.0' found
configure:15236: $? = 1
configure:15247: result: no
configure:15846: checking for gtkdoc-check
configure:15864: found /usr/bin/gtkdoc-check
configure:15876: result: /usr/bin/gtkdoc-check
configure:15888: checking for gtkdoc-rebase
configure:15906: found /usr/bin/gtkdoc-rebase
configure:15918: result: /usr/bin/gtkdoc-rebase
configure:15932: checking for gtkdoc-mkpdf
configure:15950: found /usr/bin/gtkdoc-mkpdf
configure:15962: result: /usr/bin/gtkdoc-mkpdf
configure:15992: $PKG_CONFIG --exists --print-errors "gtk-doc >= 1.3"
configure:15995: $? = 0
configure:16004: checking for GTKDOC_DEPS
configure:16012: $PKG_CONFIG --exists --print-errors "glib-2.0 >= 2.10.0 gobject-2.0  >= 2.10.0"
configure:16015: $? = 0
configure:16030: $PKG_CONFIG --exists --print-errors "glib-2.0 >= 2.10.0 gobject-2.0  >= 2.10.0"
configure:16033: $? = 0
configure:16088: result: yes
configure:16166: checking whether to build gtk-doc documentation
configure:16168: result: yes
configure:16229: Looking for Python version >= 2.1
configure:16247: checking for python
configure:16265: found /home/suhas2go/Documents/Projs/pitivi_dev/pitivi/build/flatpak/pyvenv/bin/python
configure:16277: result: /home/suhas2go/Documents/Projs/pitivi_dev/pitivi/build/flatpak/pyvenv/bin/python
Traceback (most recent call last):
  File "<string>", line 5, in <module>
AttributeError: module 'string' has no attribute 'atoi'
configure:16247: checking for python2.2
configure:16280: result: no
configure:16247: checking for python2.1
configure:16280: result: no
configure:16247: checking for python2.0
configure:16280: result: no
configure:16247: checking for python2
configure:16265: found /usr/bin/python2
configure:16277: result: /usr/bin/python2
configure:16289: checking "/usr/bin/python2":
configure:16291: result: okay
configure:16307: checking local Python configuration
configure:16344: result: looks good
configure:16412: checking for python version
configure:16419: result: 2.7
configure:16431: checking for python platform
configure:16438: result: linux2
configure:16464: checking for python script directory
configure:16499: result: ${prefix}/lib/python2.7/dist-packages
configure:16508: checking for python extension module directory
configure:16543: result: ${exec_prefix}/lib/python2.7/dist-packages
configure:16559: checking whether to build plugin documentation
configure:16564: result: yes
configure:16589: checking for PYGOBJECT
configure:16597: $PKG_CONFIG --exists --print-errors "pygobject-3.0 >= $PYGOBJECT_REQ"
Package pygobject-3.0 was not found in the pkg-config search path.
Perhaps you should add the directory containing `pygobject-3.0.pc'
to the PKG_CONFIG_PATH environment variable
No package 'pygobject-3.0' found
configure:16600: $? = 1
configure:16615: $PKG_CONFIG --exists --print-errors "pygobject-3.0 >= $PYGOBJECT_REQ"
Package pygobject-3.0 was not found in the pkg-config search path.
Perhaps you should add the directory containing `pygobject-3.0.pc'
to the PKG_CONFIG_PATH environment variable
No package 'pygobject-3.0' found
configure:16618: $? = 1
No package 'pygobject-3.0' found
configure:16646: result: no
configure:16672: checking for GST_VALIDATE
configure:16680: $PKG_CONFIG --exists --print-errors "gst-validate-1.0 >= 1.12.1"
Package gst-validate-1.0 was not found in the pkg-config search path.
Perhaps you should add the directory containing `gst-validate-1.0.pc'
to the PKG_CONFIG_PATH environment variable
No package 'gst-validate-1.0' found
configure:16683: $? = 1
configure:16698: $PKG_CONFIG --exists --print-errors "gst-validate-1.0 >= 1.12.1"
Package gst-validate-1.0 was not found in the pkg-config search path.
Perhaps you should add the directory containing `gst-validate-1.0.pc'
to the PKG_CONFIG_PATH environment variable
No package 'gst-validate-1.0' found
configure:16701: $? = 1
No package 'gst-validate-1.0' found
configure:16729: result: no
configure:16779: checking for BASH_COMPLETION
configure:16787: $PKG_CONFIG --exists --print-errors "bash-completion >= 2.0"
configure:16790: $? = 0
configure:16805: $PKG_CONFIG --exists --print-errors "bash-completion >= 2.0"
configure:16808: $? = 0
configure:16844: result: yes
configure:16869: checking for unistd.h
configure:16869: result: yes
configure:16893: checking for nose2
../gst-editing-services/configure: line 16896: nose2: command not found
configure:16903: result: no nose2
configure:16938: checking for GLIB
configure:16946: $PKG_CONFIG --exists --print-errors "$which"
configure:16949: $? = 0
configure:16964: $PKG_CONFIG --exists --print-errors "$which"
configure:16967: $? = 0
configure:17019: result: yes
configure:17070: checking for glib-genmarshal
configure:17078: result: glib-genmarshal (from pkg-config path)
configure:17132: checking for glib-mkenums
configure:17139: result: glib-mkenums
configure:17152: checking for GIO
configure:17160: $PKG_CONFIG --exists --print-errors "gio-2.0 >= $GLIB_REQ"
configure:17163: $? = 0
configure:17178: $PKG_CONFIG --exists --print-errors "gio-2.0 >= $GLIB_REQ"
configure:17181: $? = 0
configure:17236: result: yes
configure:17270: checking for GIO
configure:17335: result: yes
configure:17350: checking for GST
configure:17358: $PKG_CONFIG --exists --print-errors "$module >= $minver"
Requested 'gstreamer-1.0 >= 1.13.0.1' but version of GStreamer is 1.12.3
configure:17361: $? = 1
configure:17376: $PKG_CONFIG --exists --print-errors "$module >= $minver"
Requested 'gstreamer-1.0 >= 1.13.0.1' but version of GStreamer is 1.12.3
configure:17379: $? = 1
Requested 'gstreamer-1.0 >= 1.13.0.1' but version of GStreamer is 1.12.3
configure:17407: result: no
configure:17411: Requested 'gstreamer-1.0 >= 1.13.0.1' but version of GStreamer is 1.12.3
configure:17414: error: no gstreamer-1.0 >= 1.13.0.1 (GStreamer) found

## ---------------- ##
## Cache variables. ##
## ---------------- ##

_cv_g_support_dowhile_macros=yes
ac_cv_build=x86_64-pc-linux-gnu
ac_cv_c_bigendian=no
ac_cv_c_compiler_gnu=yes
ac_cv_env_BASH_COMPLETION_CFLAGS_set=
ac_cv_env_BASH_COMPLETION_CFLAGS_value=
ac_cv_env_BASH_COMPLETION_LIBS_set=
ac_cv_env_BASH_COMPLETION_LIBS_value=
ac_cv_env_CC_set=
ac_cv_env_CC_value=
ac_cv_env_CFLAGS_set=
ac_cv_env_CFLAGS_value=
ac_cv_env_CPPFLAGS_set=
ac_cv_env_CPPFLAGS_value=
ac_cv_env_CPP_set=
ac_cv_env_CPP_value=
ac_cv_env_GIO_CFLAGS_set=
ac_cv_env_GIO_CFLAGS_value=
ac_cv_env_GIO_LIBS_set=
ac_cv_env_GIO_LIBS_value=
ac_cv_env_GLIB_CFLAGS_set=
ac_cv_env_GLIB_CFLAGS_value=
ac_cv_env_GLIB_LIBS_set=
ac_cv_env_GLIB_LIBS_value=
ac_cv_env_GST_BASE_CFLAGS_set=
ac_cv_env_GST_BASE_CFLAGS_value=
ac_cv_env_GST_BASE_LIBS_set=
ac_cv_env_GST_BASE_LIBS_value=
ac_cv_env_GST_CFLAGS_set=
ac_cv_env_GST_CFLAGS_value=
ac_cv_env_GST_CHECK_CFLAGS_set=
ac_cv_env_GST_CHECK_CFLAGS_value=
ac_cv_env_GST_CHECK_LIBS_set=
ac_cv_env_GST_CHECK_LIBS_value=
ac_cv_env_GST_CONTROLLER_CFLAGS_set=
ac_cv_env_GST_CONTROLLER_CFLAGS_value=
ac_cv_env_GST_CONTROLLER_LIBS_set=
ac_cv_env_GST_CONTROLLER_LIBS_value=
ac_cv_env_GST_LIBS_set=
ac_cv_env_GST_LIBS_value=
ac_cv_env_GST_PBUTILS_CFLAGS_set=
ac_cv_env_GST_PBUTILS_CFLAGS_value=
ac_cv_env_GST_PBUTILS_LIBS_set=
ac_cv_env_GST_PBUTILS_LIBS_value=
ac_cv_env_GST_PLUGINS_BAD_CFLAGS_set=
ac_cv_env_GST_PLUGINS_BAD_CFLAGS_value=
ac_cv_env_GST_PLUGINS_BAD_LIBS_set=
ac_cv_env_GST_PLUGINS_BAD_LIBS_value=
ac_cv_env_GST_PLUGINS_BASE_CFLAGS_set=
ac_cv_env_GST_PLUGINS_BASE_CFLAGS_value=
ac_cv_env_GST_PLUGINS_BASE_LIBS_set=
ac_cv_env_GST_PLUGINS_BASE_LIBS_value=
ac_cv_env_GST_PLUGINS_GOOD_CFLAGS_set=
ac_cv_env_GST_PLUGINS_GOOD_CFLAGS_value=
ac_cv_env_GST_PLUGINS_GOOD_LIBS_set=
ac_cv_env_GST_PLUGINS_GOOD_LIBS_value=
ac_cv_env_GST_VALIDATE_CFLAGS_set=
ac_cv_env_GST_VALIDATE_CFLAGS_value=
ac_cv_env_GST_VALIDATE_LIBS_set=
ac_cv_env_GST_VALIDATE_LIBS_value=
ac_cv_env_GST_VIDEO_CFLAGS_set=
ac_cv_env_GST_VIDEO_CFLAGS_value=
ac_cv_env_GST_VIDEO_LIBS_set=
ac_cv_env_GST_VIDEO_LIBS_value=
ac_cv_env_GTKDOC_DEPS_CFLAGS_set=
ac_cv_env_GTKDOC_DEPS_CFLAGS_value=
ac_cv_env_GTKDOC_DEPS_LIBS_set=
ac_cv_env_GTKDOC_DEPS_LIBS_value=
ac_cv_env_GTK_CFLAGS_set=
ac_cv_env_GTK_CFLAGS_value=
ac_cv_env_GTK_LIBS_set=
ac_cv_env_GTK_LIBS_value=
ac_cv_env_GTK_X11_CFLAGS_set=
ac_cv_env_GTK_X11_CFLAGS_value=
ac_cv_env_GTK_X11_LIBS_set=
ac_cv_env_GTK_X11_LIBS_value=
ac_cv_env_LDFLAGS_set=
ac_cv_env_LDFLAGS_value=
ac_cv_env_LIBS_set=
ac_cv_env_LIBS_value=
ac_cv_env_LT_SYS_LIBRARY_PATH_set=
ac_cv_env_LT_SYS_LIBRARY_PATH_value=
ac_cv_env_PKG_CONFIG_set=
ac_cv_env_PKG_CONFIG_value=
ac_cv_env_PYGOBJECT_CFLAGS_set=
ac_cv_env_PYGOBJECT_CFLAGS_value=
ac_cv_env_PYGOBJECT_LIBS_set=
ac_cv_env_PYGOBJECT_LIBS_value=
ac_cv_env_PYTHON_set=
ac_cv_env_PYTHON_value=
ac_cv_env_VALGRIND_CFLAGS_set=
ac_cv_env_VALGRIND_CFLAGS_value=
ac_cv_env_VALGRIND_LIBS_set=
ac_cv_env_VALGRIND_LIBS_value=
ac_cv_env_XML_CFLAGS_set=
ac_cv_env_XML_CFLAGS_value=
ac_cv_env_XML_LIBS_set=
ac_cv_env_XML_LIBS_value=
ac_cv_env_build_alias_set=
ac_cv_env_build_alias_value=
ac_cv_env_host_alias_set=
ac_cv_env_host_alias_value=
ac_cv_env_target_alias_set=
ac_cv_env_target_alias_value=
ac_cv_func_dlopen=no
ac_cv_func_shl_load=no
ac_cv_header_dlfcn_h=yes
ac_cv_header_inttypes_h=yes
ac_cv_header_memory_h=yes
ac_cv_header_stdc=yes
ac_cv_header_stdint_h=yes
ac_cv_header_stdlib_h=yes
ac_cv_header_string_h=yes
ac_cv_header_strings_h=yes
ac_cv_header_sys_stat_h=yes
ac_cv_header_sys_types_h=yes
ac_cv_header_unistd_h=yes
ac_cv_host=x86_64-pc-linux-gnu
ac_cv_lib_dl_dlopen=yes
ac_cv_lib_dld_shl_load=no
ac_cv_objext=o
ac_cv_path_EGREP='/bin/grep -E'
ac_cv_path_FGREP='/bin/grep -F'
ac_cv_path_FLEX_PATH=/usr/bin/flex
ac_cv_path_GREP=/bin/grep
ac_cv_path_GTKDOC_CHECK=/usr/bin/gtkdoc-check
ac_cv_path_GTKDOC_MKPDF=/usr/bin/gtkdoc-mkpdf
ac_cv_path_GTKDOC_REBASE=/usr/bin/gtkdoc-rebase
ac_cv_path_PYTHON=/usr/bin/python2
ac_cv_path_SED=/bin/sed
ac_cv_path_VALGRIND_PATH=no
ac_cv_path_ac_pt_PKG_CONFIG=/usr/bin/pkg-config
ac_cv_path_install='/usr/bin/install -c'
ac_cv_path_lt_DD=/bin/dd
ac_cv_path_mkdir=/bin/mkdir
ac_cv_prog_AWK=mawk
ac_cv_prog_CPP='gcc -E'
ac_cv_prog_ac_ct_AR=ar
ac_cv_prog_ac_ct_CC=gcc
ac_cv_prog_ac_ct_MANIFEST_TOOL=mt
ac_cv_prog_ac_ct_OBJDUMP=objdump
ac_cv_prog_ac_ct_RANLIB=ranlib
ac_cv_prog_ac_ct_STRIP=strip
ac_cv_prog_cc_c89=
ac_cv_prog_cc_g=yes
ac_cv_prog_make_make_set=yes
ac_cv_target=x86_64-pc-linux-gnu
am_cv_CC_dependencies_compiler_type=gcc3
am_cv_make_support_nested_variables=yes
am_cv_prog_cc_c_o=yes
am_cv_prog_tar_ustar=gnutar
am_cv_python_platform=linux2
am_cv_python_pyexecdir='${exec_prefix}/lib/python2.7/dist-packages'
am_cv_python_pythondir='${prefix}/lib/python2.7/dist-packages'
am_cv_python_version=2.7
lt_cv_ar_at_file=@
lt_cv_archive_cmds_need_lc=no
lt_cv_deplibs_check_method=pass_all
lt_cv_dlopen=dlopen
lt_cv_dlopen_libs=-ldl
lt_cv_dlopen_self=yes
lt_cv_dlopen_self_static=no
lt_cv_file_magic_cmd='$MAGIC_CMD'
lt_cv_file_magic_test_file=
lt_cv_ld_reload_flag=-r
lt_cv_nm_interface='BSD nm'
lt_cv_objdir=.libs
lt_cv_path_LD=/usr/bin/ld
lt_cv_path_NM='/usr/bin/nm -B'
lt_cv_path_mainfest_tool=no
lt_cv_prog_compiler_c_o=yes
lt_cv_prog_compiler_pic='-fPIC -DPIC'
lt_cv_prog_compiler_pic_works=yes
lt_cv_prog_compiler_rtti_exceptions=no
lt_cv_prog_compiler_static_works=yes
lt_cv_prog_gnu_ld=yes
lt_cv_sharedlib_from_linklib_cmd='printf %s\n'
lt_cv_shlibpath_overrides_runpath=yes
lt_cv_sys_global_symbol_pipe='sed -n -e '\''s/^.*[	 ]\([ABCDGIRSTW][ABCDGIRSTW]*\)[	 ][	 ]*\([_A-Za-z][_A-Za-z0-9]*\)$/\1 \2 \2/p'\'' | sed '\''/ __gnu_lto/d'\'''
lt_cv_sys_global_symbol_to_c_name_address='sed -n -e '\''s/^: \(.*\) .*$/  {"\1", (void *) 0},/p'\'' -e '\''s/^[ABCDGIRSTW][ABCDGIRSTW]* .* \(.*\)$/  {"\1", (void *) \&\1},/p'\'''
lt_cv_sys_global_symbol_to_c_name_address_lib_prefix='sed -n -e '\''s/^: \(.*\) .*$/  {"\1", (void *) 0},/p'\'' -e '\''s/^[ABCDGIRSTW][ABCDGIRSTW]* .* \(lib.*\)$/  {"\1", (void *) \&\1},/p'\'' -e '\''s/^[ABCDGIRSTW][ABCDGIRSTW]* .* \(.*\)$/  {"lib\1", (void *) \&\1},/p'\'''
lt_cv_sys_global_symbol_to_cdecl='sed -n -e '\''s/^T .* \(.*\)$/extern int \1();/p'\'' -e '\''s/^[ABCDGIRSTW][ABCDGIRSTW]* .* \(.*\)$/extern char \1;/p'\'''
lt_cv_sys_global_symbol_to_import=
lt_cv_sys_max_cmd_len=1572864
lt_cv_to_host_file_cmd=func_convert_file_noop
lt_cv_to_tool_file_cmd=func_convert_file_noop
lt_cv_truncate_bin='/bin/dd bs=4096 count=1'
pkg_cv_BASH_COMPLETION_CFLAGS=
pkg_cv_BASH_COMPLETION_LIBS=
pkg_cv_GIO_CFLAGS='-pthread -I/usr/include/glib-2.0 -I/usr/lib/x86_64-linux-gnu/glib-2.0/include'
pkg_cv_GIO_LIBS='-lgio-2.0 -lgobject-2.0 -lglib-2.0'
pkg_cv_GLIB_CFLAGS='-pthread -I/usr/include/glib-2.0 -I/usr/lib/x86_64-linux-gnu/glib-2.0/include'
pkg_cv_GLIB_LIBS='-lgobject-2.0 -lgmodule-2.0 -pthread -lglib-2.0'
pkg_cv_GTKDOC_DEPS_CFLAGS='-I/usr/include/glib-2.0 -I/usr/lib/x86_64-linux-gnu/glib-2.0/include'
pkg_cv_GTKDOC_DEPS_LIBS='-lgobject-2.0 -lglib-2.0'

## ----------------- ##
## Output variables. ##
## ----------------- ##

ACLOCAL='${SHELL} /home/suhas2go/Documents/Projs/pitivi_dev/gst-editing-services/missing aclocal-1.15'
ACLOCAL_AMFLAGS='-I m4 -I common/m4'
AMDEPBACKSLASH='\'
AMDEP_FALSE='#'
AMDEP_TRUE=''
AMTAR='$${TAR-tar}'
AM_BACKSLASH='\'
AM_DEFAULT_V='$(AM_DEFAULT_VERBOSITY)'
AM_DEFAULT_VERBOSITY='0'
AM_V='$(V)'
AR='ar'
AS='as'
AUTOCONF='${SHELL} /home/suhas2go/Documents/Projs/pitivi_dev/gst-editing-services/missing autoconf'
AUTOHEADER='${SHELL} /home/suhas2go/Documents/Projs/pitivi_dev/gst-editing-services/missing autoheader'
AUTOMAKE='${SHELL} /home/suhas2go/Documents/Projs/pitivi_dev/gst-editing-services/missing automake-1.15'
AWK='mawk'
BASH_COMPLETION_CFLAGS=''
BASH_COMPLETION_DIR='/usr/share/bash-completion/completions'
BASH_COMPLETION_LIBS=''
BUILD_BENCHMARKS_FALSE=''
BUILD_BENCHMARKS_TRUE=''
BUILD_EXAMPLES_FALSE='#'
BUILD_EXAMPLES_TRUE=''
CAT_ENTRY_END=''
CAT_ENTRY_START=''
CC='gcc'
CCASFLAGS=''
CCDEPMODE='depmode=gcc3'
CFLAGS='-g -O2'
CPP='gcc -E'
CPPFLAGS=''
CXXFLAGS=''
CYGPATH_W='echo'
DEFS=''
DEPDIR='.deps'
DEPRECATED_CFLAGS=''
DLLTOOL='false'
DOCBOOK_ROOT=''
DOC_HTML_FALSE=''
DOC_HTML_TRUE='#'
DOC_PDF_FALSE=''
DOC_PDF_TRUE='#'
DOC_PS_FALSE=''
DOC_PS_TRUE='#'
DSYMUTIL=''
DUMPBIN=''
ECHO_C=''
ECHO_N='-n'
ECHO_T=''
EGREP='/bin/grep -E'
ENABLE_BASH_COMPLETION_FALSE='#'
ENABLE_BASH_COMPLETION_TRUE=''
ENABLE_DOCBOOK_FALSE=''
ENABLE_DOCBOOK_TRUE='#'
ENABLE_GTK_DOC_FALSE='#'
ENABLE_GTK_DOC_TRUE=''
ENABLE_PLUGIN_DOCS_FALSE='#'
ENABLE_PLUGIN_DOCS_TRUE=''
ERROR_CFLAGS=''
EXEEXT=''
EXTRA_CFLAGS=''
FFLAGS=''
FGREP='/bin/grep -F'
FLEX_PATH='/usr/bin/flex'
GCOV=''
GCOV_CFLAGS=''
GCOV_LIBS=''
GES_VERSION_MAJOR='1'
GES_VERSION_MICRO='0'
GES_VERSION_MINOR='13'
GES_VERSION_NANO='1'
GIO_CFLAGS='-pthread -I/usr/include/glib-2.0 -I/usr/lib/x86_64-linux-gnu/glib-2.0/include'
GIO_LDFLAGS=''
GIO_LIBS='-lgio-2.0 -lgobject-2.0 -lglib-2.0'
GLIB_CFLAGS='-pthread -I/usr/include/glib-2.0 -I/usr/lib/x86_64-linux-gnu/glib-2.0/include'
GLIB_EXTRA_CFLAGS=' -DG_THREADS_MANDATORY -DG_DISABLE_DEPRECATED'
GLIB_GENMARSHAL='glib-genmarshal'
GLIB_LIBS='-lgobject-2.0 -lgmodule-2.0 -pthread -lglib-2.0'
GLIB_MKENUMS='glib-mkenums'
GLIB_PREFIX=''
GLIB_REQ='2.40.0'
GREP='/bin/grep'
GSTPB_PLUGINS_DIR=''
GSTPB_PREFIX=''
GST_AGE='1300'
GST_ALL_LDFLAGS=''
GST_API_VERSION='1.0'
GST_BASE_CFLAGS=''
GST_BASE_LIBS=''
GST_CFLAGS=''
GST_CHECK_CFLAGS=''
GST_CHECK_LIBS=''
GST_CONTROLLER_CFLAGS=''
GST_CONTROLLER_LIBS=''
GST_CURRENT='1300'
GST_GCOV_ENABLED_FALSE=''
GST_GCOV_ENABLED_TRUE='#'
GST_LEVEL_DEFAULT=''
GST_LIBS=''
GST_LIBVERSION='1300:0:1300'
GST_LIB_LDFLAGS=''
GST_LICENSE=''
GST_LT_LDFLAGS=' -version-info 1300:0:1300'
GST_OPTION_CFLAGS=''
GST_PACKAGE_NAME='GStreamer Editing Services git'
GST_PACKAGE_ORIGIN='Unknown package origin'
GST_PBUTILS_CFLAGS=''
GST_PBUTILS_LIBS=''
GST_PKG_CONFIG_PATH='$(top_builddir)/pkgconfig'
GST_PLUGINS_ALL=''
GST_PLUGINS_BAD_CFLAGS=''
GST_PLUGINS_BAD_DIR=''
GST_PLUGINS_BAD_LIBS=''
GST_PLUGINS_BASE_CFLAGS=''
GST_PLUGINS_BASE_DIR=''
GST_PLUGINS_BASE_LIBS=''
GST_PLUGINS_DIR=''
GST_PLUGINS_GOOD_CFLAGS=''
GST_PLUGINS_GOOD_DIR=''
GST_PLUGINS_GOOD_LIBS=''
GST_PLUGINS_NONPORTED=''
GST_PLUGINS_SELECTED=''
GST_PLUGIN_LDFLAGS=''
GST_PREFIX='/usr'
GST_REVISION='0'
GST_TOOLS_DIR=''
GST_VALIDATE_CFLAGS=''
GST_VALIDATE_LIBS=''
GST_VIDEO_CFLAGS=''
GST_VIDEO_LIBS=''
GTKDOC_CHECK='/usr/bin/gtkdoc-check'
GTKDOC_DEPS_CFLAGS='-I/usr/include/glib-2.0 -I/usr/lib/x86_64-linux-gnu/glib-2.0/include'
GTKDOC_DEPS_LIBS='-lgobject-2.0 -lglib-2.0'
GTKDOC_MKPDF='/usr/bin/gtkdoc-mkpdf'
GTKDOC_REBASE='/usr/bin/gtkdoc-rebase'
GTK_CFLAGS=''
GTK_DOC_BUILD_HTML_FALSE='#'
GTK_DOC_BUILD_HTML_TRUE=''
GTK_DOC_BUILD_PDF_FALSE=''
GTK_DOC_BUILD_PDF_TRUE='#'
GTK_DOC_USE_LIBTOOL_FALSE='#'
GTK_DOC_USE_LIBTOOL_TRUE=''
GTK_LIBS=''
GTK_X11_CFLAGS=''
GTK_X11_LIBS=''
HAVE_CPU_ALPHA_FALSE=''
HAVE_CPU_ALPHA_TRUE='#'
HAVE_CPU_ARC_FALSE=''
HAVE_CPU_ARC_TRUE='#'
HAVE_CPU_ARM_FALSE=''
HAVE_CPU_ARM_TRUE='#'
HAVE_CPU_CRISV32_FALSE=''
HAVE_CPU_CRISV32_TRUE='#'
HAVE_CPU_CRIS_FALSE=''
HAVE_CPU_CRIS_TRUE='#'
HAVE_CPU_HPPA_FALSE=''
HAVE_CPU_HPPA_TRUE='#'
HAVE_CPU_I386_FALSE=''
HAVE_CPU_I386_TRUE='#'
HAVE_CPU_IA64_FALSE=''
HAVE_CPU_IA64_TRUE='#'
HAVE_CPU_M68K_FALSE=''
HAVE_CPU_M68K_TRUE='#'
HAVE_CPU_MIPS_FALSE=''
HAVE_CPU_MIPS_TRUE='#'
HAVE_CPU_PPC64_FALSE=''
HAVE_CPU_PPC64_TRUE='#'
HAVE_CPU_PPC_FALSE=''
HAVE_CPU_PPC_TRUE='#'
HAVE_CPU_S390_FALSE=''
HAVE_CPU_S390_TRUE='#'
HAVE_CPU_SPARC_FALSE=''
HAVE_CPU_SPARC_TRUE='#'
HAVE_CPU_X86_64_FALSE='#'
HAVE_CPU_X86_64_TRUE=''
HAVE_DOCBOOK2PS=''
HAVE_DVIPS=''
HAVE_EPSTOPDF=''
HAVE_GST_CHECK_FALSE=''
HAVE_GST_CHECK_TRUE=''
HAVE_GST_VALIDATE_FALSE=''
HAVE_GST_VALIDATE_TRUE='#'
HAVE_GTK_FALSE=''
HAVE_GTK_TRUE=''
HAVE_GTK_X11_FALSE=''
HAVE_GTK_X11_TRUE=''
HAVE_INTROSPECTION_FALSE=''
HAVE_INTROSPECTION_TRUE='#'
HAVE_JADETEX=''
HAVE_NOSE2_FALSE=''
HAVE_NOSE2_TRUE='#'
HAVE_PNGTOPNM=''
HAVE_PNMTOPS=''
HAVE_PS2PDF=''
HAVE_UNISTD_H_FALSE='#'
HAVE_UNISTD_H_TRUE=''
HAVE_VALGRIND_FALSE=''
HAVE_VALGRIND_TRUE='#'
HAVE_XMLLINT=''
HAVE_XSLTPROC=''
HTML_DIR='${datadir}/gtk-doc/html'
INSTALL_DATA='${INSTALL} -m 644'
INSTALL_PROGRAM='${INSTALL}'
INSTALL_SCRIPT='${INSTALL}'
INSTALL_STRIP_PROGRAM='$(install_sh) -c -s'
INTROSPECTION_CFLAGS=''
INTROSPECTION_COMPILER=''
INTROSPECTION_GENERATE=''
INTROSPECTION_GIRDIR=''
INTROSPECTION_INIT=''
INTROSPECTION_LIBS=''
INTROSPECTION_MAKEFILE=''
INTROSPECTION_SCANNER=''
INTROSPECTION_TYPELIBDIR=''
LD='/usr/bin/ld -m elf_x86_64'
LDFLAGS=''
LIBDIR=''
LIBOBJS=''
LIBS=''
LIBTOOL='$(SHELL) $(top_builddir)/libtool'
LIPO=''
LN_S='ln -s'
LTLIBOBJS=''
LT_SYS_LIBRARY_PATH=''
MAINT=''
MAINTAINER_MODE_FALSE='#'
MAINTAINER_MODE_TRUE=''
MAKEINFO='${SHELL} /home/suhas2go/Documents/Projs/pitivi_dev/gst-editing-services/missing makeinfo'
MANIFEST_TOOL=':'
MKDIR_P='/bin/mkdir -p'
NM='/usr/bin/nm -B'
NMEDIT=''
NOSE2='nose2'
OBJDUMP='objdump'
OBJEXT='o'
OTOOL64=''
OTOOL=''
PACKAGE='gstreamer-editing-services'
PACKAGE_BUGREPORT='http://bugzilla.gnome.org/enter_bug.cgi?product=GStreamer'
PACKAGE_NAME='GStreamer Editing Services'
PACKAGE_STRING='GStreamer Editing Services 1.13.0.1'
PACKAGE_TARNAME='gstreamer-editing-services'
PACKAGE_URL=''
PACKAGE_VERSION='1.13.0.1'
PACKAGE_VERSION_MAJOR='1'
PACKAGE_VERSION_MICRO='0'
PACKAGE_VERSION_MINOR='13'
PACKAGE_VERSION_NANO='1'
PACKAGE_VERSION_RELEASE='0.20180214.223926'
PATH_SEPARATOR=':'
PKG_CONFIG='/usr/bin/pkg-config'
PLUGINDIR=''
PROFILE_CFLAGS=''
PYGOBJECT_CFLAGS=''
PYGOBJECT_LIBS=''
PYGOBJECT_REQ='3.0'
PYTHON='/usr/bin/python2'
PYTHON_EXEC_PREFIX='${exec_prefix}'
PYTHON_PLATFORM='linux2'
PYTHON_PREFIX='${prefix}'
PYTHON_VERSION='2.7'
RANLIB='ranlib'
SED='/bin/sed'
SET_MAKE=''
SHELL='/bin/bash'
STRIP='strip'
USE_PLUGIN_PLUGINS_FALSE=''
USE_PLUGIN_PLUGINS_TRUE=''
VALGRIND_CFLAGS=''
VALGRIND_LIBS=''
VALGRIND_PATH='no'
VERSION='1.13.0.1'
VISIBILITY_CFLAGS=''
WARNING_CFLAGS=''
WITH_PYTHON_FALSE=''
WITH_PYTHON_TRUE='#'
XML_CATALOG=''
XML_CFLAGS=''
XML_LIBS=''
XSLTPROC=''
XSLTPROC_FLAGS=''
ac_ct_AR='ar'
ac_ct_CC='gcc'
ac_ct_DUMPBIN=''
am__EXEEXT_FALSE=''
am__EXEEXT_TRUE=''
am__fastdepCC_FALSE='#'
am__fastdepCC_TRUE=''
am__include='include'
am__isrc=' -I$(srcdir)'
am__leading_dot='.'
am__nodep='_no'
am__quote=''
am__tar='tar --format=ustar -chf - "$$tardir"'
am__untar='tar -xf -'
bindir='${exec_prefix}/bin'
build='x86_64-pc-linux-gnu'
build_alias=''
build_cpu='x86_64'
build_os='linux-gnu'
build_vendor='pc'
datadir='${datarootdir}'
datarootdir='${prefix}/share'
docdir='$(datadir)/doc/gstreamer-editing-services-1.0'
dvidir='${docdir}'
exec_prefix='NONE'
host='x86_64-pc-linux-gnu'
host_alias=''
host_cpu='x86_64'
host_os='linux-gnu'
host_vendor='pc'
htmldir='${docdir}'
includedir='${prefix}/include'
infodir='${datarootdir}/info'
install_sh='${SHELL} /home/suhas2go/Documents/Projs/pitivi_dev/gst-editing-services/install-sh'
libdir='${exec_prefix}/lib'
libexecdir='${exec_prefix}/libexec'
localedir='${datarootdir}/locale'
localstatedir='${prefix}/var'
mandir='${datarootdir}/man'
mkdir_p='$(MKDIR_P)'
oldincludedir='/usr/include'
pdfdir='${docdir}'
pkgpyexecdir='${pyexecdir}/gstreamer-editing-services'
pkgpythondir='${pythondir}/gstreamer-editing-services'
plugindir=''
prefix='NONE'
program_transform_name='s,x,x,'
psdir='${docdir}'
pyexecdir='${exec_prefix}/lib/python2.7/dist-packages'
pythondir='${prefix}/lib/python2.7/dist-packages'
runstatedir='${localstatedir}/run'
sbindir='${exec_prefix}/sbin'
sharedstatedir='${prefix}/com'
sysconfdir='${prefix}/etc'
target='x86_64-pc-linux-gnu'
target_alias=''
target_cpu='x86_64'
target_os='linux-gnu'
target_vendor='pc'

## ----------- ##
## confdefs.h. ##
## ----------- ##

/* confdefs.h */
#define PACKAGE_NAME "GStreamer Editing Services"
#define PACKAGE_TARNAME "gstreamer-editing-services"
#define PACKAGE_VERSION "1.13.0.1"
#define PACKAGE_STRING "GStreamer Editing Services 1.13.0.1"
#define PACKAGE_BUGREPORT "http://bugzilla.gnome.org/enter_bug.cgi?product=GStreamer"
#define PACKAGE_URL ""
#define PACKAGE "gstreamer-editing-services"
#define VERSION "1.13.0.1"
#define STDC_HEADERS 1
#define HAVE_SYS_TYPES_H 1
#define HAVE_SYS_STAT_H 1
#define HAVE_STDLIB_H 1
#define HAVE_STRING_H 1
#define HAVE_MEMORY_H 1
#define HAVE_STRINGS_H 1
#define HAVE_INTTYPES_H 1
#define HAVE_STDINT_H 1
#define HAVE_UNISTD_H 1
#define HAVE_DLFCN_H 1
#define LT_OBJDIR ".libs/"
#define GST_ENABLE_EXTRA_CHECKS 1
#define GST_PACKAGE_NAME "GStreamer Editing Services git"
#define GST_PACKAGE_ORIGIN "Unknown package origin"
#define HAVE_CPU_X86_64 1
#define HOST_CPU "x86_64"
#define TARGET_CPU "x86_64"
#define HAVE_DOWHILE_MACROS 1
#define GST_DATADIR "/usr/share"
#define HAVE_UNISTD_H 1
#define GIO_MODULE_DIR "/usr/lib/x86_64-linux-gnu/gio/modules"
#define GIO_LIBDIR "/usr/lib/x86_64-linux-gnu"
#define GIO_PREFIX "/usr"

configure: exit 1
